Build started 2016-04-27 4:51:10 PM.
     1>Project "D:\Users\Matthew\Documents\visual studio 2013\Projects\For All Mankind\For All Mankind\For All Mankind.vcxproj" on node 2 (Build target(s)).
     1>ClCompile:
         C:\Program Files (x86)\Microsoft Visual Studio 12.0\VC\bin\CL.exe /c /I"D:\Libraries\assimp-3.1.1-win-binaries\include" /I"D:\Libraries\glfw-3.1.2.WIN32\include" /I"D:\Libraries\glew-1.13.0\include" /ZI /nologo /W3 /WX- /sdl /Od /Oy- /D _MBCS /Gm /EHsc /RTC1 /MDd /GS /fp:precise /Zc:wchar_t /Zc:forScope /Fo"Debug\\" /Fd"Debug\vc120.pdb" /Gd /TP /analyze- /errorReport:prompt Engine.cpp Hash.cpp Mat4.cpp Mesh.cpp Parser.cpp Renderer.cpp Shader.cpp Transform.cpp main.cpp
         main.cpp
     1>d:\users\matthew\documents\visual studio 2013\projects\for all mankind\for all mankind\maths.hpp(14): error C2146: syntax error : missing ';' before identifier 'f32'
     1>d:\users\matthew\documents\visual studio 2013\projects\for all mankind\for all mankind\maths.hpp(14): error C4430: missing type specifier - int assumed. Note: C++ does not support default-int
     1>d:\users\matthew\documents\visual studio 2013\projects\for all mankind\for all mankind\maths.hpp(15): error C2146: syntax error : missing ';' before identifier 'f32'
     1>d:\users\matthew\documents\visual studio 2013\projects\for all mankind\for all mankind\maths.hpp(15): error C4430: missing type specifier - int assumed. Note: C++ does not support default-int
     1>d:\users\matthew\documents\visual studio 2013\projects\for all mankind\for all mankind\maths.hpp(15): error C2086: 'int Ice::Constants::constexpr' : redefinition
                 d:\users\matthew\documents\visual studio 2013\projects\for all mankind\for all mankind\maths.hpp(14) : see declaration of 'Ice::Constants::constexpr'
     1>d:\users\matthew\documents\visual studio 2013\projects\for all mankind\for all mankind\colour.hpp(13): error C2536: 'Ice::Colour::Ice::Colour::bytes' : cannot specify explicit initializer for arrays
                 d:\users\matthew\documents\visual studio 2013\projects\for all mankind\for all mankind\colour.hpp(15) : see declaration of 'Ice::Colour::bytes'
         Transform.cpp
     1>d:\users\matthew\documents\visual studio 2013\projects\for all mankind\for all mankind\maths.hpp(14): error C2146: syntax error : missing ';' before identifier 'f32'
     1>d:\users\matthew\documents\visual studio 2013\projects\for all mankind\for all mankind\maths.hpp(14): error C4430: missing type specifier - int assumed. Note: C++ does not support default-int
     1>d:\users\matthew\documents\visual studio 2013\projects\for all mankind\for all mankind\maths.hpp(15): error C2146: syntax error : missing ';' before identifier 'f32'
     1>d:\users\matthew\documents\visual studio 2013\projects\for all mankind\for all mankind\maths.hpp(15): error C4430: missing type specifier - int assumed. Note: C++ does not support default-int
     1>d:\users\matthew\documents\visual studio 2013\projects\for all mankind\for all mankind\maths.hpp(15): error C2086: 'int Ice::Constants::constexpr' : redefinition
                 d:\users\matthew\documents\visual studio 2013\projects\for all mankind\for all mankind\maths.hpp(14) : see declaration of 'Ice::Constants::constexpr'
         Shader.cpp
     1>d:\users\matthew\documents\visual studio 2013\projects\for all mankind\for all mankind\maths.hpp(14): error C2146: syntax error : missing ';' before identifier 'f32'
     1>d:\users\matthew\documents\visual studio 2013\projects\for all mankind\for all mankind\maths.hpp(14): error C4430: missing type specifier - int assumed. Note: C++ does not support default-int
     1>d:\users\matthew\documents\visual studio 2013\projects\for all mankind\for all mankind\maths.hpp(15): error C2146: syntax error : missing ';' before identifier 'f32'
     1>d:\users\matthew\documents\visual studio 2013\projects\for all mankind\for all mankind\maths.hpp(15): error C4430: missing type specifier - int assumed. Note: C++ does not support default-int
     1>d:\users\matthew\documents\visual studio 2013\projects\for all mankind\for all mankind\maths.hpp(15): error C2086: 'int Ice::Constants::constexpr' : redefinition
                 d:\users\matthew\documents\visual studio 2013\projects\for all mankind\for all mankind\maths.hpp(14) : see declaration of 'Ice::Constants::constexpr'
     1>d:\users\matthew\documents\visual studio 2013\projects\for all mankind\for all mankind\shader.cpp(122): error C2057: expected constant expression
     1>d:\users\matthew\documents\visual studio 2013\projects\for all mankind\for all mankind\shader.cpp(122): error C2466: cannot allocate an array of constant size 0
     1>d:\users\matthew\documents\visual studio 2013\projects\for all mankind\for all mankind\shader.cpp(122): error C2133: 'error' : unknown size
         Renderer.cpp
     1>d:\users\matthew\documents\visual studio 2013\projects\for all mankind\for all mankind\maths.hpp(14): error C2146: syntax error : missing ';' before identifier 'f32'
     1>d:\users\matthew\documents\visual studio 2013\projects\for all mankind\for all mankind\maths.hpp(14): error C4430: missing type specifier - int assumed. Note: C++ does not support default-int
     1>d:\users\matthew\documents\visual studio 2013\projects\for all mankind\for all mankind\maths.hpp(15): error C2146: syntax error : missing ';' before identifier 'f32'
     1>d:\users\matthew\documents\visual studio 2013\projects\for all mankind\for all mankind\maths.hpp(15): error C4430: missing type specifier - int assumed. Note: C++ does not support default-int
     1>d:\users\matthew\documents\visual studio 2013\projects\for all mankind\for all mankind\maths.hpp(15): error C2086: 'int Ice::Constants::constexpr' : redefinition
                 d:\users\matthew\documents\visual studio 2013\projects\for all mankind\for all mankind\maths.hpp(14) : see declaration of 'Ice::Constants::constexpr'
     1>d:\users\matthew\documents\visual studio 2013\projects\for all mankind\for all mankind\colour.hpp(13): error C2536: 'Ice::Colour::Ice::Colour::bytes' : cannot specify explicit initializer for arrays
                 d:\users\matthew\documents\visual studio 2013\projects\for all mankind\for all mankind\colour.hpp(15) : see declaration of 'Ice::Colour::bytes'
     1>d:\users\matthew\documents\visual studio 2013\projects\for all mankind\for all mankind\renderer.cpp(67): warning C4244: 'argument' : conversion from 'double' to 'float', possible loss of data
         Parser.cpp
     1>d:\users\matthew\documents\visual studio 2013\projects\for all mankind\for all mankind\parser.cpp(70): error C2065: 'KW_EXPORT' : undeclared identifier
     1>d:\users\matthew\documents\visual studio 2013\projects\for all mankind\for all mankind\parser.cpp(131): warning C4390: ';' : empty controlled statement found; is this the intent?
     1>d:\users\matthew\documents\visual studio 2013\projects\for all mankind\for all mankind\parser.cpp(136): warning C4390: ';' : empty controlled statement found; is this the intent?
     1>d:\users\matthew\documents\visual studio 2013\projects\for all mankind\for all mankind\parser.cpp(141): warning C4390: ';' : empty controlled statement found; is this the intent?
         Mesh.cpp
     1>d:\users\matthew\documents\visual studio 2013\projects\for all mankind\for all mankind\maths.hpp(14): error C2146: syntax error : missing ';' before identifier 'f32'
     1>d:\users\matthew\documents\visual studio 2013\projects\for all mankind\for all mankind\maths.hpp(14): error C4430: missing type specifier - int assumed. Note: C++ does not support default-int
     1>d:\users\matthew\documents\visual studio 2013\projects\for all mankind\for all mankind\maths.hpp(15): error C2146: syntax error : missing ';' before identifier 'f32'
     1>d:\users\matthew\documents\visual studio 2013\projects\for all mankind\for all mankind\maths.hpp(15): error C4430: missing type specifier - int assumed. Note: C++ does not support default-int
     1>d:\users\matthew\documents\visual studio 2013\projects\for all mankind\for all mankind\maths.hpp(15): error C2086: 'int Ice::Constants::constexpr' : redefinition
                 d:\users\matthew\documents\visual studio 2013\projects\for all mankind\for all mankind\maths.hpp(14) : see declaration of 'Ice::Constants::constexpr'
     1>d:\users\matthew\documents\visual studio 2013\projects\for all mankind\for all mankind\colour.hpp(13): error C2536: 'Ice::Colour::Ice::Colour::bytes' : cannot specify explicit initializer for arrays
                 d:\users\matthew\documents\visual studio 2013\projects\for all mankind\for all mankind\colour.hpp(15) : see declaration of 'Ice::Colour::bytes'
         Mat4.cpp
     1>d:\users\matthew\documents\visual studio 2013\projects\for all mankind\for all mankind\mat4.cpp(10): error C2536: 'Ice::Mat4::Ice::Mat4::elements' : cannot specify explicit initializer for arrays
                 d:\users\matthew\documents\visual studio 2013\projects\for all mankind\for all mankind\mat4.hpp(113) : see declaration of 'Ice::Mat4::elements'
     1>d:\users\matthew\documents\visual studio 2013\projects\for all mankind\for all mankind\mat4.cpp(20): error C2536: 'Ice::Mat4::Ice::Mat4::elements' : cannot specify explicit initializer for arrays
                 d:\users\matthew\documents\visual studio 2013\projects\for all mankind\for all mankind\mat4.hpp(113) : see declaration of 'Ice::Mat4::elements'
         Hash.cpp
     1>d:\users\matthew\documents\visual studio 2013\projects\for all mankind\for all mankind\hash.cpp(33): error C4996: 'sprintf': This function or variable may be unsafe. Consider using sprintf_s instead. To disable deprecation, use _CRT_SECURE_NO_WARNINGS. See online help for details.
                 c:\program files (x86)\microsoft visual studio 12.0\vc\include\stdio.h(356) : see declaration of 'sprintf'
         Engine.cpp
     1>d:\users\matthew\documents\visual studio 2013\projects\for all mankind\for all mankind\maths.hpp(14): error C2146: syntax error : missing ';' before identifier 'f32'
     1>d:\users\matthew\documents\visual studio 2013\projects\for all mankind\for all mankind\maths.hpp(14): error C4430: missing type specifier - int assumed. Note: C++ does not support default-int
     1>d:\users\matthew\documents\visual studio 2013\projects\for all mankind\for all mankind\maths.hpp(15): error C2146: syntax error : missing ';' before identifier 'f32'
     1>d:\users\matthew\documents\visual studio 2013\projects\for all mankind\for all mankind\maths.hpp(15): error C4430: missing type specifier - int assumed. Note: C++ does not support default-int
     1>d:\users\matthew\documents\visual studio 2013\projects\for all mankind\for all mankind\maths.hpp(15): error C2086: 'int Ice::Constants::constexpr' : redefinition
                 d:\users\matthew\documents\visual studio 2013\projects\for all mankind\for all mankind\maths.hpp(14) : see declaration of 'Ice::Constants::constexpr'
     1>d:\users\matthew\documents\visual studio 2013\projects\for all mankind\for all mankind\colour.hpp(13): error C2536: 'Ice::Colour::Ice::Colour::bytes' : cannot specify explicit initializer for arrays
                 d:\users\matthew\documents\visual studio 2013\projects\for all mankind\for all mankind\colour.hpp(15) : see declaration of 'Ice::Colour::bytes'
     1>d:\users\matthew\documents\visual studio 2013\projects\for all mankind\for all mankind\engine.cpp(104): error C2597: illegal reference to non-static member 'Ice::Constants::Tau'
         Generating Code...
     1>Done Building Project "D:\Users\Matthew\Documents\visual studio 2013\Projects\For All Mankind\For All Mankind\For All Mankind.vcxproj" (Build target(s)) -- FAILED.

Build FAILED.

Time Elapsed 00:00:03.81
