  Renderer.cpp
c:\users\matthew\documents\github\game-engine\include\ice\maths\maths.hpp(14): warning C4305: 'initializing': truncation from 'double' to 'const f32'
c:\users\matthew\documents\github\game-engine\include\ice\maths\maths.hpp(15): warning C4305: 'initializing': truncation from 'double' to 'const f32'
c:\users\matthew\documents\github\game-engine\src\graphics\renderer.cpp(30): error C2440: 'initializing': cannot convert from 'initializer list' to 'std::vector<Ice::Vertex,std::allocator<_Ty>>'
          with
          [
              _Ty=Ice::Vertex
          ]
  c:\users\matthew\documents\github\game-engine\src\graphics\renderer.cpp(30): note: No constructor could take the source type, or constructor overload resolution was ambiguous
c:\users\matthew\documents\github\game-engine\src\graphics\renderer.cpp(67): warning C4244: 'argument': conversion from 'double' to 'float', possible loss of data
  Model.cpp
c:\users\matthew\documents\github\game-engine\include\ice\maths\maths.hpp(14): warning C4305: 'initializing': truncation from 'double' to 'const f32'
c:\users\matthew\documents\github\game-engine\include\ice\maths\maths.hpp(15): warning C4305: 'initializing': truncation from 'double' to 'const f32'
c:\users\matthew\documents\github\game-engine\src\graphics\model.cpp(5): warning C4018: '<': signed/unsigned mismatch
c:\users\matthew\documents\github\game-engine\src\graphics\model.cpp(30): warning C4018: '<': signed/unsigned mismatch
c:\users\matthew\documents\github\game-engine\src\graphics\model.cpp(35): warning C4018: '<': signed/unsigned mismatch
c:\users\matthew\documents\github\game-engine\src\graphics\model.cpp(47): warning C4018: '<': signed/unsigned mismatch
c:\users\matthew\documents\github\game-engine\src\graphics\model.cpp(78): warning C4018: '<': signed/unsigned mismatch
c:\users\matthew\documents\github\game-engine\src\graphics\model.cpp(82): warning C4018: '<': signed/unsigned mismatch
  Generating Code...
